<?xml version="1.0" encoding="UTF-8"?>
<coverage generated="1616878230171" clover="3.2.0">
  <project timestamp="1616878230171" name="All files">
    <metrics statements="2" coveredstatements="2" conditionals="0" coveredconditionals="0" methods="2" coveredmethods="2" elements="4" coveredelements="4" complexity="0" loc="2" ncloc="2" packages="1" files="1" classes="1"/>
    <file name="promise.js" path="/home/simonmrog/simon/programming/github/node-js/jest-testing/promise.js">
      <metrics statements="2" coveredstatements="2" conditionals="0" coveredconditionals="0" methods="2" coveredmethods="2"/>
      <line num="4" count="3" type="stmt"/>
      <line num="5" count="2" type="stmt"/>
    </file>
  </project>
</coverage>
