{"/home/simonmrog/simon/programming/github/node-js/jest-testing/promise.js": {"path":"/home/simonmrog/simon/programming/github/node-js/jest-testing/promise.js","statementMap":{"0":{"start":{"line":4,"column":2},"end":{"line":6,"column":5}},"1":{"start":{"line":5,"column":4},"end":{"line":5,"column":16}}},"fnMap":{"0":{"name":"fetchData","decl":{"start":{"line":3,"column":16},"end":{"line":3,"column":25}},"loc":{"start":{"line":3,"column":31},"end":{"line":7,"column":1}},"line":3},"1":{"name":"(anonymous_1)","decl":{"start":{"line":4,"column":29},"end":{"line":4,"column":30}},"loc":{"start":{"line":4,"column":44},"end":{"line":6,"column":3}},"line":4}},"branchMap":{},"s":{"0":3,"1":2},"f":{"0":3,"1":2},"b":{},"_coverageSchema":"1a1c01bbd47fc00a2c39e90264f33305004495a9","hash":"e9d3de638f2100a38c75dc8ee6de6b6ffa9b2db2"}
}
